<?xml version="1.0" encoding="UTF-8"?>
<testng-results ignored="0" total="8" passed="8" failed="0" skipped="0">
  <reporter-output>
    <line>
      <![CDATA[My Test Case got passed]]>
    </line>
    <line>
      <![CDATA[My Test Case got passed]]>
    </line>
    <line>
      <![CDATA[My Test Case got passed]]>
    </line>
    <line>
      <![CDATA[My Test Case got passed]]>
    </line>
    <line>
      <![CDATA[My Test Case got passed]]>
    </line>
    <line>
      <![CDATA[My Test Case got passed]]>
    </line>
    <line>
      <![CDATA[My Test Case got passed]]>
    </line>
    <line>
      <![CDATA[All scenarios passed]]>
    </line>
    <line>
      <![CDATA[My Test Case got passed]]>
    </line>
  </reporter-output>
  <suite started-at="2025-05-10T16:26:31 IST" name="Suite" finished-at="2025-05-10T16:29:34 IST" duration-ms="182585">
    <groups>
      <group name="smoke">
        <method signature="LoginTest.executeLoginTest()[pri:0, instance:testClasses.LoginTest@5aebe890]" name="executeLoginTest" class="testClasses.LoginTest"/>
        <method signature="RegisterPatientTest.addPatient(java.lang.String,java.lang.String,java.lang.String,java.lang.String)[pri:1, instance:testClasses.RegisterPatientTest@6a2f6f80]" name="addPatient" class="testClasses.RegisterPatientTest"/>
        <method signature="AppointmentsTest.createNewAppointment()[pri:2, instance:testClasses.AppointmentsTest@45b4c3a9]" name="createNewAppointment" class="testClasses.AppointmentsTest"/>
        <method signature="AddConditionsTest.recordConditions()[pri:4, instance:testClasses.AddConditionsTest@291caca8]" name="recordConditions" class="testClasses.AddConditionsTest"/>
        <method signature="EndVisitTest.executeLoginTest()[pri:5, instance:testClasses.EndVisitTest@385e9564]" name="executeLoginTest" class="testClasses.EndVisitTest"/>
      </group> <!-- smoke -->
      <group name="sanity">
        <method signature="AddPatVitalsTest.addPatVitals()[pri:3, instance:testClasses.AddPatVitalsTest@399c4be1]" name="addPatVitals" class="testClasses.AddPatVitalsTest"/>
        <method signature="ExtentReport.demoTest()[pri:6, instance:testClasses.ExtentReport@1f59a598]" name="demoTest" class="testClasses.ExtentReport"/>
      </group> <!-- sanity -->
    </groups>
    <test started-at="2025-05-10T16:26:31 IST" name="Test" finished-at="2025-05-10T16:29:34 IST" duration-ms="182585">
      <class name="testClasses.AddPatVitalsTest">
        <test-method is-config="true" signature="openBrowser()[pri:0, instance:testClasses.AddPatVitalsTest@399c4be1]" started-at="2025-05-10T16:28:13 IST" name="openBrowser" finished-at="2025-05-10T16:28:22 IST" duration-ms="9491" status="PASS">
          <reporter-output>
          </reporter-output>
        </test-method> <!-- openBrowser -->
        <test-method signature="addPatVitals()[pri:3, instance:testClasses.AddPatVitalsTest@399c4be1]" started-at="2025-05-10T16:28:22 IST" name="addPatVitals" finished-at="2025-05-10T16:28:40 IST" duration-ms="17307" status="PASS">
          <reporter-output>
            <line>
              <![CDATA[My Test Case got passed]]>
            </line>
          </reporter-output>
        </test-method> <!-- addPatVitals -->
      </class> <!-- testClasses.AddPatVitalsTest -->
      <class name="testClasses.RegisterPatientTest">
        <test-method is-config="true" signature="openBrowser()[pri:0, instance:testClasses.RegisterPatientTest@6a2f6f80]" started-at="2025-05-10T16:26:44 IST" name="openBrowser" finished-at="2025-05-10T16:26:55 IST" duration-ms="11186" status="PASS">
          <reporter-output>
          </reporter-output>
        </test-method> <!-- openBrowser -->
        <test-method signature="addPatient(java.lang.String,java.lang.String,java.lang.String,java.lang.String)[pri:1, instance:testClasses.RegisterPatientTest@6a2f6f80]" started-at="2025-05-10T16:26:55 IST" name="addPatient" data-provider="registerpatientdata" finished-at="2025-05-10T16:27:14 IST" duration-ms="18844" status="PASS">
          <params>
            <param index="0">
              <value>
                <![CDATA[Surya]]>
              </value>
            </param>
            <param index="1">
              <value>
                <![CDATA[Bhai]]>
              </value>
            </param>
            <param index="2">
              <value>
                <![CDATA[33]]>
              </value>
            </param>
            <param index="3">
              <value>
                <![CDATA[Mumbai]]>
              </value>
            </param>
          </params>
          <reporter-output>
            <line>
              <![CDATA[My Test Case got passed]]>
            </line>
          </reporter-output>
        </test-method> <!-- addPatient -->
        <test-method is-config="true" signature="openBrowser()[pri:0, instance:testClasses.RegisterPatientTest@6a2f6f80]" started-at="2025-05-10T16:27:14 IST" name="openBrowser" finished-at="2025-05-10T16:27:24 IST" duration-ms="9901" status="PASS">
          <reporter-output>
          </reporter-output>
        </test-method> <!-- openBrowser -->
        <test-method signature="addPatient(java.lang.String,java.lang.String,java.lang.String,java.lang.String)[pri:1, instance:testClasses.RegisterPatientTest@6a2f6f80]" started-at="2025-05-10T16:27:24 IST" name="addPatient" data-provider="registerpatientdata" finished-at="2025-05-10T16:27:44 IST" duration-ms="19723" status="PASS">
          <params>
            <param index="0">
              <value>
                <![CDATA[Ravi]]>
              </value>
            </param>
            <param index="1">
              <value>
                <![CDATA[Raja]]>
              </value>
            </param>
            <param index="2">
              <value>
                <![CDATA[45]]>
              </value>
            </param>
            <param index="3">
              <value>
                <![CDATA[Delhi]]>
              </value>
            </param>
          </params>
          <reporter-output>
            <line>
              <![CDATA[My Test Case got passed]]>
            </line>
          </reporter-output>
        </test-method> <!-- addPatient -->
      </class> <!-- testClasses.RegisterPatientTest -->
      <class name="testClasses.AddConditionsTest">
        <test-method is-config="true" signature="openBrowser()[pri:0, instance:testClasses.AddConditionsTest@291caca8]" started-at="2025-05-10T16:28:40 IST" name="openBrowser" finished-at="2025-05-10T16:28:49 IST" duration-ms="9342" status="PASS">
          <reporter-output>
          </reporter-output>
        </test-method> <!-- openBrowser -->
        <test-method signature="recordConditions()[pri:4, instance:testClasses.AddConditionsTest@291caca8]" started-at="2025-05-10T16:28:49 IST" name="recordConditions" finished-at="2025-05-10T16:29:05 IST" duration-ms="15933" status="PASS">
          <reporter-output>
            <line>
              <![CDATA[My Test Case got passed]]>
            </line>
          </reporter-output>
        </test-method> <!-- recordConditions -->
      </class> <!-- testClasses.AddConditionsTest -->
      <class name="testClasses.AppointmentsTest">
        <test-method is-config="true" signature="openBrowser()[pri:0, instance:testClasses.AppointmentsTest@45b4c3a9]" started-at="2025-05-10T16:27:44 IST" name="openBrowser" finished-at="2025-05-10T16:27:54 IST" duration-ms="9898" status="PASS">
          <reporter-output>
          </reporter-output>
        </test-method> <!-- openBrowser -->
        <test-method signature="createNewAppointment()[pri:2, instance:testClasses.AppointmentsTest@45b4c3a9]" started-at="2025-05-10T16:27:54 IST" name="createNewAppointment" finished-at="2025-05-10T16:28:13 IST" duration-ms="18872" status="PASS">
          <reporter-output>
            <line>
              <![CDATA[My Test Case got passed]]>
            </line>
          </reporter-output>
        </test-method> <!-- createNewAppointment -->
      </class> <!-- testClasses.AppointmentsTest -->
      <class name="testClasses.ExtentReport">
        <test-method is-config="true" signature="setup()[pri:0, instance:testClasses.ExtentReport@1f59a598]" started-at="2025-05-10T16:26:31 IST" name="setup" finished-at="2025-05-10T16:26:31 IST" duration-ms="227" status="PASS">
          <reporter-output>
          </reporter-output>
        </test-method> <!-- setup -->
        <test-method signature="demoTest()[pri:6, instance:testClasses.ExtentReport@1f59a598]" started-at="2025-05-10T16:29:28 IST" name="demoTest" finished-at="2025-05-10T16:29:28 IST" duration-ms="12" status="PASS">
          <reporter-output>
            <line>
              <![CDATA[All scenarios passed]]>
            </line>
            <line>
              <![CDATA[My Test Case got passed]]>
            </line>
          </reporter-output>
        </test-method> <!-- demoTest -->
        <test-method is-config="true" signature="tearDown()[pri:0, instance:testClasses.ExtentReport@1f59a598]" started-at="2025-05-10T16:29:34 IST" name="tearDown" finished-at="2025-05-10T16:29:35 IST" duration-ms="673" status="PASS">
          <reporter-output>
          </reporter-output>
        </test-method> <!-- tearDown -->
      </class> <!-- testClasses.ExtentReport -->
      <class name="testClasses.LoginTest">
        <test-method is-config="true" signature="openBrowser()[pri:0, instance:testClasses.LoginTest@5aebe890]" started-at="2025-05-10T16:26:31 IST" name="openBrowser" finished-at="2025-05-10T16:26:41 IST" duration-ms="9993" status="PASS">
          <reporter-output>
          </reporter-output>
        </test-method> <!-- openBrowser -->
        <test-method signature="executeLoginTest()[pri:0, instance:testClasses.LoginTest@5aebe890]" started-at="2025-05-10T16:26:41 IST" name="executeLoginTest" finished-at="2025-05-10T16:26:43 IST" duration-ms="1970" status="PASS">
          <reporter-output>
            <line>
              <![CDATA[My Test Case got passed]]>
            </line>
          </reporter-output>
        </test-method> <!-- executeLoginTest -->
        <test-method is-config="true" signature="closeBrowser()[pri:0, instance:testClasses.LoginTest@5aebe890]" started-at="2025-05-10T16:29:29 IST" name="closeBrowser" finished-at="2025-05-10T16:29:34 IST" duration-ms="5309" status="PASS">
          <reporter-output>
          </reporter-output>
        </test-method> <!-- closeBrowser -->
      </class> <!-- testClasses.LoginTest -->
      <class name="testClasses.EndVisitTest">
        <test-method is-config="true" signature="openBrowser()[pri:0, instance:testClasses.EndVisitTest@385e9564]" started-at="2025-05-10T16:29:06 IST" name="openBrowser" finished-at="2025-05-10T16:29:15 IST" duration-ms="9145" status="PASS">
          <reporter-output>
          </reporter-output>
        </test-method> <!-- openBrowser -->
        <test-method signature="executeLoginTest()[pri:5, instance:testClasses.EndVisitTest@385e9564]" started-at="2025-05-10T16:29:15 IST" name="executeLoginTest" finished-at="2025-05-10T16:29:28 IST" duration-ms="13348" status="PASS">
          <reporter-output>
            <line>
              <![CDATA[My Test Case got passed]]>
            </line>
          </reporter-output>
        </test-method> <!-- executeLoginTest -->
      </class> <!-- testClasses.EndVisitTest -->
    </test> <!-- Test -->
  </suite> <!-- Suite -->
</testng-results>
