<?xml version="1.0" encoding="UTF-8"?>
<!-- Generated by org.testng.reporters.JUnitXMLReporter -->
<testsuite ignored="0" hostname="VEER" failures="0" tests="2" name="Default test" time="89.041" errors="0" timestamp="2025-05-10T16:18:59 IST">
  <testcase classname="testClasses.EndVisitTest" name="executeLoginTest" time="44.242">
    <skipped/>
  </testcase> <!-- executeLoginTest -->
  <testcase classname="testClasses.EndVisitTest" name="executeLoginTest" time="13.86"/>
</testsuite> <!-- Default test -->
