<?xml version="1.0" encoding="UTF-8"?>
<!-- Generated by org.testng.reporters.JUnitXMLReporter -->
<testsuite ignored="5" hostname="VEER" failures="0" tests="8" name="Test" time="182.585" errors="0" timestamp="2025-05-10T16:29:34 IST">
  <testcase classname="testClasses.LoginTest" name="executeLoginTest" time="1.97"/>
  <testcase classname="testClasses.RegisterPatientTest" name="addPatient" time="18.844"/>
  <testcase classname="testClasses.RegisterPatientTest" name="addPatient" time="19.723"/>
  <testcase classname="testClasses.AppointmentsTest" name="createNewAppointment" time="18.872"/>
  <testcase classname="testClasses.AddPatVitalsTest" name="addPatVitals" time="17.307"/>
  <testcase classname="testClasses.AddConditionsTest" name="recordConditions" time="15.933"/>
  <testcase classname="testClasses.EndVisitTest" name="executeLoginTest" time="13.348"/>
  <testcase classname="testClasses.ExtentReport" name="demoTest" time="0.012"/>
  <testcase classname="utilities.BaseClass" name="@AfterTest closeBrowser" time="0.0">
    <ignored/>
  </testcase> <!-- @AfterTest closeBrowser -->
  <testcase classname="utilities.BaseClass" name="@AfterTest closeBrowser" time="0.0">
    <ignored/>
  </testcase> <!-- @AfterTest closeBrowser -->
  <testcase classname="utilities.BaseClass" name="@AfterTest closeBrowser" time="0.0">
    <ignored/>
  </testcase> <!-- @AfterTest closeBrowser -->
  <testcase classname="utilities.BaseClass" name="@AfterTest closeBrowser" time="0.0">
    <ignored/>
  </testcase> <!-- @AfterTest closeBrowser -->
  <testcase classname="utilities.BaseClass" name="@AfterTest closeBrowser" time="0.0">
    <ignored/>
  </testcase> <!-- @AfterTest closeBrowser -->
</testsuite> <!-- Test -->
